<?xml version="1.0" encoding="UTF-8"?>
<testng-results skipped="0" failed="0" total="1" passed="1">
  <reporter-output>
  </reporter-output>
  <suite name="Default suite" duration-ms="25599" started-at="2015-02-17T15:24:23Z" finished-at="2015-02-17T15:24:49Z">
    <groups>
    </groups>
    <test name="Default test" duration-ms="25599" started-at="2015-02-17T15:24:23Z" finished-at="2015-02-17T15:24:49Z">
      <class name="lesson2.TestMeiTuan_1">
        <test-method status="PASS" signature="initalAppiumSettings()[pri:0, instance:lesson2.TestMeiTuan_1@7e85132f]" name="initalAppiumSettings" is-config="true" duration-ms="4370" started-at="2015-02-17T23:24:23Z" finished-at="2015-02-17T23:24:27Z">
          <reporter-output>
          </reporter-output>
        </test-method> <!-- initalAppiumSettings -->
        <test-method status="PASS" signature="testDragAndDrop()[pri:0, instance:lesson2.TestMeiTuan_1@7e85132f]" name="testDragAndDrop" duration-ms="20211" started-at="2015-02-17T23:24:27Z" description="swipe left" finished-at="2015-02-17T23:24:48Z">
          <reporter-output>
          </reporter-output>
        </test-method> <!-- testDragAndDrop -->
        <test-method status="PASS" signature="realse()[pri:0, instance:lesson2.TestMeiTuan_1@7e85132f]" name="realse" is-config="true" duration-ms="1003" started-at="2015-02-17T23:24:48Z" finished-at="2015-02-17T23:24:49Z">
          <reporter-output>
          </reporter-output>
        </test-method> <!-- realse -->
      </class> <!-- lesson2.TestMeiTuan_1 -->
    </test> <!-- Default test -->
  </suite> <!-- Default suite -->
</testng-results>
